[09/01/23 23:31:54] cliapp_1: Entra al sistema un cliente de tipo APP
[09/01/23 23:31:54] clired_1: Entra al sistema un cliente de tipo RED
[09/01/23 23:31:54] cliapp_2: Entra al sistema un cliente de tipo APP
[09/01/23 23:31:54] clired_2: Entra al sistema un cliente de tipo RED
[09/01/23 23:31:54] cliapp_3: Entra al sistema un cliente de tipo APP
[09/01/23 23:31:54] clired_3: Entra al sistema un cliente de tipo RED
[09/01/23 23:31:54] clired_3: Encuentra la aplicación difícil y se va
[09/01/23 23:31:54] cliapp_4: Entra al sistema un cliente de tipo APP
[09/01/23 23:31:54] clired_4: Entra al sistema un cliente de tipo RED
[09/01/23 23:31:54] cliapp_5: Entra al sistema un cliente de tipo APP
[09/01/23 23:31:54] clired_5: Entra al sistema un cliente de tipo RED
[09/01/23 23:31:54] clired_5: Encuentra la aplicación difícil y se va
[09/01/23 23:31:54] cliapp_6: Entra al sistema un cliente de tipo APP
[09/01/23 23:31:54] cliapp_6: Encuentra la aplicación difícil y se va
[09/01/23 23:31:54] clired_6: Entra al sistema un cliente de tipo RED
[09/01/23 23:31:55] cliapp_7: Entra al sistema un cliente de tipo APP
[09/01/23 23:31:55] clired_7: Entra al sistema un cliente de tipo RED
[09/01/23 23:31:55] clired_7: Encuentra la aplicación difícil y se va
[09/01/23 23:31:55] cliapp_8: Entra al sistema un cliente de tipo APP
[09/01/23 23:31:55] clired_8: Entra al sistema un cliente de tipo RED
[09/01/23 23:31:55] cliapp_9: Entra al sistema un cliente de tipo APP
[09/01/23 23:31:55] clired_9: Entra al sistema un cliente de tipo RED
[09/01/23 23:31:55] cliapp_10: Entra al sistema un cliente de tipo APP
[09/01/23 23:31:55] cliapp_10: Encuentra la aplicación difícil y se va
[09/01/23 23:31:55] tecnico_1: Comienza a atender a cliapp_5
[09/01/23 23:31:55] resprep_1: Comienza a atender a clired_6
[09/01/23 23:31:55] tecnico_2: Comienza a atender a cliapp_7
[09/01/23 23:31:55] encargado_1: Comienza a atender a clired_1
[09/01/23 23:31:55] resprep_2: Comienza a atender a clired_9
[09/01/23 23:31:55] clired_10: Entra al sistema un cliente de tipo RED
[09/01/23 23:31:55] clired_10: Encuentra la aplicación difícil y se va
[09/01/23 23:31:55] cliapp_11: Entra al sistema un cliente de tipo APP
[09/01/23 23:31:55] clired_11: Entra al sistema un cliente de tipo RED
[09/01/23 23:31:55] clired_11: Encuentra la aplicación difícil y se va
[09/01/23 23:31:56] cliapp_12: Entra al sistema un cliente de tipo APP
[09/01/23 23:31:56] clired_12: Entra al sistema un cliente de tipo RED
[09/01/23 23:31:56] cliapp_13: Entra al sistema un cliente de tipo APP
[09/01/23 23:31:56] clired_13: Entra al sistema un cliente de tipo RED
[09/01/23 23:31:56] cliapp_14: Entra al sistema un cliente de tipo APP
[09/01/23 23:31:57] tecnico_1: Termina de atender a cliapp_5. Tiene todo en regla
[09/01/23 23:31:57] tecnico_1: Comienza a atender a cliapp_14
[09/01/23 23:31:57] tecnico_2: Termina de atender a cliapp_7. Tiene todo en regla
[09/01/23 23:31:57] tecnico_2: Comienza a atender a cliapp_13
[09/01/23 23:31:57] encargado_1: Termina de atender a clired_1. Tiene todo en regla
[09/01/23 23:31:57] encargado_1: Comienza a atender a clired_13
[09/01/23 23:31:58] clired_1: Se va del sistema tras ser atendido
[09/01/23 23:31:58] clired_14: Entra al sistema un cliente de tipo RED
[09/01/23 23:31:58] resprep_1: Termina de atender a clired_6. Tiene todo en regla
[09/01/23 23:31:58] resprep_1: Comienza a atender a clired_12
[09/01/23 23:31:58] cliapp_5: Se va del sistema tras ser atendido
[09/01/23 23:31:58] cliapp_15: Entra al sistema un cliente de tipo APP
[09/01/23 23:31:58] clired_6: Se va del sistema tras ser atendido
[09/01/23 23:31:58] cliapp_16: Entra al sistema un cliente de tipo APP
[09/01/23 23:31:59] cliapp_7: Se va del sistema tras ser atendido
[09/01/23 23:31:59] cliapp_17: Entra al sistema un cliente de tipo APP
[09/01/23 23:31:59] resprep_2: Termina de atender a clired_9. Tiene todo en regla
[09/01/23 23:31:59] resprep_2: Comienza a atender a clired_8
[09/01/23 23:31:59] tecnico_2: Termina de atender a cliapp_13. Tiene todo en regla
[09/01/23 23:31:59] tecnico_2: Comienza a atender a cliapp_16
[09/01/23 23:32:00] cliapp_13: Se va del sistema tras ser atendido
[09/01/23 23:32:00] cliapp_18: Entra al sistema un cliente de tipo APP
[09/01/23 23:32:00] tecnico_1: Termina de atender a cliapp_14. Tiene todo en regla
[09/01/23 23:32:00] tecnico_1: Comienza a atender a cliapp_18
[09/01/23 23:32:00] encargado_1: Termina de atender a clired_13. Tiene todo en regla
[09/01/23 23:32:00] encargado_1: Comienza a atender a clired_2
[09/01/23 23:32:00] resprep_1: Termina de atender a clired_12. Está confundido de compañía
[09/01/23 23:32:00] resprep_1: Comienza a atender a clired_4
[09/01/23 23:32:01] clired_9: Se va del sistema tras ser atendido
[09/01/23 23:32:01] cliapp_19: Entra al sistema un cliente de tipo APP
[09/01/23 23:32:01] tecnico_2: Termina de atender a cliapp_16. Tiene todo en regla
[09/01/23 23:32:01] tecnico_2: Comienza a atender a cliapp_19
[09/01/23 23:32:01] encargado_1: Termina de atender a clired_2. Tiene todo en regla
[09/01/23 23:32:01] encargado_1: Comienza a atender a clired_14
[09/01/23 23:32:02] clired_12: Espera a ser atendido en domicilio
[09/01/23 23:32:02] clired_13: Se va del sistema tras ser atendido
[09/01/23 23:32:02] cliapp_20: Entra al sistema un cliente de tipo APP
[09/01/23 23:32:02] cliapp_14: Se va del sistema tras ser atendido
[09/01/23 23:32:02] cliapp_21: Entra al sistema un cliente de tipo APP
[09/01/23 23:32:02] clired_2: Se va del sistema tras ser atendido
[09/01/23 23:32:02] clired_15: Entra al sistema un cliente de tipo RED
[09/01/23 23:32:02] tecnico_1: Termina de atender a cliapp_18. Está confundido de compañía
[09/01/23 23:32:02] tecnico_1: Comienza a atender a cliapp_21
[09/01/23 23:32:02] encargado_1: Termina de atender a clired_14. Tiene todo en regla
[09/01/23 23:32:02] resprep_1: Termina de atender a clired_4. Tiene todo en regla
[09/01/23 23:32:02] resprep_1: Comienza a atender a clired_15
[09/01/23 23:32:02] encargado_1: Comienza a atender a cliapp_2
[09/01/23 23:32:02] cliapp_16: Se va del sistema tras ser atendido
[09/01/23 23:32:03] cliapp_22: Entra al sistema un cliente de tipo APP
[09/01/23 23:32:03] resprep_2: Termina de atender a clired_8. Tiene todo en regla
[09/01/23 23:32:03] tecnico_2: Termina de atender a cliapp_19. Tiene todo en regla
[09/01/23 23:32:03] tecnico_2: Comienza a atender a cliapp_4
[09/01/23 23:32:04] cliapp_18: Se va del sistema por confusión de compañía
[09/01/23 23:32:04] clired_16: Entra al sistema un cliente de tipo RED
[09/01/23 23:32:04] clired_14: Espera a ser atendido en domicilio
[09/01/23 23:32:04] clired_4: Espera a ser atendido en domicilio
[09/01/23 23:32:04] tecnico_2: Termina de atender a cliapp_4. Tiene todo en regla
[09/01/23 23:32:04] tecnico_2: Comienza descanso de 5 segundos
[09/01/23 23:32:04] resprep_1: Termina de atender a clired_15. Tiene todo en regla
[09/01/23 23:32:04] resprep_1: Comienza a atender a clired_16
[09/01/23 23:32:05] clired_8: Se va del sistema tras ser atendido
[09/01/23 23:32:05] clired_17: Entra al sistema un cliente de tipo RED
[09/01/23 23:32:05] cliapp_19: Se va del sistema tras ser atendido
[09/01/23 23:32:05] clired_18: Entra al sistema un cliente de tipo RED
[09/01/23 23:32:05] resprep_2: Comienza a atender a clired_18
[09/01/23 23:32:05] encargado_1: Termina de atender a cliapp_2. Tiene todo en regla
[09/01/23 23:32:05] encargado_1: Comienza a atender a clired_17
[09/01/23 23:32:06] cliapp_2: Se va del sistema tras ser atendido
[09/01/23 23:32:06] clired_19: Entra al sistema un cliente de tipo RED
[09/01/23 23:32:06] clired_15: Se va del sistema tras ser atendido
[09/01/23 23:32:06] clired_20: Entra al sistema un cliente de tipo RED
[09/01/23 23:32:06] cliapp_4: Se va del sistema tras ser atendido
[09/01/23 23:32:06] resprep_2: Termina de atender a clired_18. Tiene todo en regla
[09/01/23 23:32:06] resprep_2: Comienza a atender a clired_20
[09/01/23 23:32:06] tecnico_1: Termina de atender a cliapp_21. Tiene todo en regla
[09/01/23 23:32:06] tecnico_1: Comienza a atender a cliapp_11
[09/01/23 23:32:06] clired_21: Entra al sistema un cliente de tipo RED
[09/01/23 23:32:07] cliapp_17: Se cansa de esperar tras 8 segundos
[09/01/23 23:32:07] clired_18: Se va del sistema tras ser atendido
[09/01/23 23:32:07] clired_22: Entra al sistema un cliente de tipo RED
[09/01/23 23:32:07] resprep_2: Termina de atender a clired_20. Tiene todo en regla
[09/01/23 23:32:07] resprep_2: Comienza a atender a clired_21
[09/01/23 23:32:07] resprep_1: Termina de atender a clired_16. Tiene todo en regla
[09/01/23 23:32:07] resprep_1: Comienza a atender a clired_19
[09/01/23 23:32:08] clired_16: Se va del sistema tras ser atendido
[09/01/23 23:32:08] cliapp_23: Entra al sistema un cliente de tipo APP
[09/01/23 23:32:08] cliapp_21: Se va del sistema tras ser atendido
[09/01/23 23:32:08] clired_23: Entra al sistema un cliente de tipo RED
[09/01/23 23:32:08] clired_20: Se va del sistema tras ser atendido
[09/01/23 23:32:08] cliapp_24: Entra al sistema un cliente de tipo APP
[09/01/23 23:32:09] clired_24: Entra al sistema un cliente de tipo RED
[09/01/23 23:32:09] tecnico_2: Termina su descanso de 5 segundos
[09/01/23 23:32:09] tecnico_2: Comienza a atender a cliapp_24
[09/01/23 23:32:09] tecnico_1: Termina de atender a cliapp_11. Tiene todo en regla
[09/01/23 23:32:09] tecnico_1: Comienza descanso de 5 segundos
[09/01/23 23:32:09] resprep_2: Termina de atender a clired_21. Está confundido de compañía
[09/01/23 23:32:09] resprep_2: Comienza a atender a clired_23
[09/01/23 23:32:09] encargado_1: Termina de atender a clired_17. Está mal identificado
[09/01/23 23:32:09] encargado_1: Comienza a atender a clired_24
[09/01/23 23:32:09] cliapp_11: Se va del sistema tras ser atendido
[09/01/23 23:32:09] clired_25: Entra al sistema un cliente de tipo RED
[09/01/23 23:32:10] tecnico_2: Termina de atender a cliapp_24. Tiene todo en regla
[09/01/23 23:32:10] tecnico_2: Comienza a atender a cliapp_9
[09/01/23 23:32:10] resprep_2: Termina de atender a clired_23. Tiene todo en regla
[09/01/23 23:32:10] resprep_2: Inicia descanso de 6 segundos
[09/01/23 23:32:10] clired_21: Se va del sistema por confusión de compañía
[09/01/23 23:32:10] cliapp_25: Entra al sistema un cliente de tipo APP
[09/01/23 23:32:11] clired_17: Se va del sistema tras ser atendido
[09/01/23 23:32:11] clired_26: Entra al sistema un cliente de tipo RED
[09/01/23 23:32:11] encargado_1: Termina de atender a clired_24. Tiene todo en regla
[09/01/23 23:32:11] encargado_1: Comienza a atender a clired_26
[09/01/23 23:32:12] clired_23: Espera a ser atendido en domicilio
[09/01/23 23:32:12] tecnico_dom: Empieza la atención domiciliaria
[09/01/23 23:32:12] cliapp_24: Se va del sistema tras ser atendido
[09/01/23 23:32:12] cliapp_26: Entra al sistema un cliente de tipo APP
[09/01/23 23:32:12] cliapp_26: Encuentra la aplicación difícil y se va
[09/01/23 23:32:12] resprep_1: Termina de atender a clired_19. Está mal identificado
[09/01/23 23:32:12] resprep_1: Inicia descanso de 6 segundos
[09/01/23 23:32:12] clired_27: Entra al sistema un cliente de tipo RED
[09/01/23 23:32:28] tecnico_1: Termina su descanso de 5 segundos
[09/01/23 23:32:28] tecnico_1: Comienza a atender a cliapp_22
[09/01/23 23:32:28] resprep_2: Termina su descanso de 6 segundos
[09/01/23 23:32:28] resprep_2: Comienza a atender a clired_27
[09/01/23 23:32:28] tecnico_2: Termina de atender a cliapp_9. Tiene todo en regla
[09/01/23 23:32:28] tecnico_2: Comienza a atender a cliapp_1
[09/01/23 23:32:28] cliapp_15: Se cansa de esperar tras 16 segundos
[09/01/23 23:32:28] cliapp_9: Se va del sistema tras ser atendido
[09/01/23 23:32:28] resprep_1: Termina su descanso de 6 segundos
[09/01/23 23:32:28] resprep_1: Comienza a atender a clired_25
[09/01/23 23:32:28] encargado_1: Termina de atender a clired_26. Tiene todo en regla
[09/01/23 23:32:28] encargado_1: Comienza a atender a clired_22
[09/01/23 23:32:28] clired_19: Se va del sistema tras ser atendido
[09/01/23 23:32:28] tecnico_dom: Termina de atender al cliente clired_14
[09/01/23 23:32:28] clired_28: Entra al sistema un cliente de tipo RED
[09/01/23 23:32:28] clired_28: Encuentra la aplicación difícil y se va
[09/01/23 23:32:28] cliapp_27: Entra al sistema un cliente de tipo APP
[09/01/23 23:32:28] clired_29: Entra al sistema un cliente de tipo RED
[09/01/23 23:32:29] resprep_2: Termina de atender a clired_27. Tiene todo en regla
[09/01/23 23:32:29] resprep_2: Comienza a atender a clired_29
[09/01/23 23:32:29] encargado_1: Termina de atender a clired_22. Tiene todo en regla
[09/01/23 23:32:29] encargado_1: Comienza a atender a cliapp_27
[09/01/23 23:32:29] tecnico_dom: Termina de atender al cliente clired_4
[09/01/23 23:32:30] clired_27: Se va del sistema tras ser atendido
[09/01/23 23:32:30] clired_22: Se va del sistema tras ser atendido
[09/01/23 23:32:30] resprep_2: Termina de atender a clired_29. Tiene todo en regla
[09/01/23 23:32:30] tecnico_1: Termina de atender a cliapp_22. Tiene todo en regla
[09/01/23 23:32:30] tecnico_1: Comienza a atender a cliapp_12
[09/01/23 23:32:30] clired_26: Se va del sistema tras ser atendido
[09/01/23 23:32:30] resprep_1: Termina de atender a clired_25. Tiene todo en regla
[09/01/23 23:32:30] encargado_1: Termina de atender a cliapp_27. Está confundido de compañía
[09/01/23 23:32:30] encargado_1: Comienza a atender a cliapp_8
[09/01/23 23:32:30] tecnico_dom: Termina de atender al cliente clired_12
[09/01/23 23:32:30] cliapp_28: Entra al sistema un cliente de tipo APP
[09/01/23 23:32:30] clired_30: Entra al sistema un cliente de tipo RED
[09/01/23 23:32:30] clired_30: Encuentra la aplicación difícil y se va
[09/01/23 23:32:30] cliapp_29: Entra al sistema un cliente de tipo APP
[09/01/23 23:32:30] cliapp_29: Encuentra la aplicación difícil y se va
[09/01/23 23:32:30] clired_31: Entra al sistema un cliente de tipo RED
[09/01/23 23:32:30] cliapp_27: Se va del sistema por confusión de compañía
[09/01/23 23:32:30] cliapp_30: Entra al sistema un cliente de tipo APP
[09/01/23 23:32:30] SISTEMA: Iniciando salida controlada.
[09/01/23 23:32:31] encargado_1: Termina de atender a cliapp_8. Tiene todo en regla
[09/01/23 23:32:31] encargado_1: Comienza a atender a clired_31
[09/01/23 23:32:31] tecnico_dom: Termina de atender al cliente clired_23
[09/01/23 23:32:31] clired_29: Espera a ser atendido en domicilio
[09/01/23 23:32:31] tecnico_dom: Termina la atención domiciliaria
[09/01/23 23:32:31] clired_24: Espera a ser atendido en domicilio
[09/01/23 23:32:31] clired_12: Recibe atención domiciliaria
[09/01/23 23:32:31] clired_12: Se va del sistema por confusión de compañía
[09/01/23 23:32:31] clired_23: Recibe atención domiciliaria
[09/01/23 23:32:31] clired_23: Se va del sistema tras ser atendido
[09/01/23 23:32:31] clired_14: Recibe atención domiciliaria
[09/01/23 23:32:31] clired_14: Se va del sistema tras ser atendido
[09/01/23 23:32:31] clired_4: Recibe atención domiciliaria
[09/01/23 23:32:31] clired_4: Se va del sistema tras ser atendido
[09/01/23 23:32:32] tecnico_2: Termina de atender a cliapp_1. Tiene todo en regla
[09/01/23 23:32:32] tecnico_2: Comienza a atender a cliapp_20
[09/01/23 23:32:32] clired_25: Se va del sistema tras ser atendido
[09/01/23 23:32:32] cliapp_3: Se cansa de esperar tras 24 segundos
[09/01/23 23:32:32] cliapp_8: Se va del sistema tras ser atendido
[09/01/23 23:32:32] cliapp_22: Se va del sistema tras ser atendido
[09/01/23 23:32:32] cliapp_1: Se va del sistema tras ser atendido
[09/01/23 23:32:32] tecnico_1: Termina de atender a cliapp_12. Tiene todo en regla
[09/01/23 23:32:32] tecnico_1: Comienza a atender a cliapp_23
[09/01/23 23:32:32] encargado_1: Termina de atender a clired_31. Tiene todo en regla
[09/01/23 23:32:32] encargado_1: Comienza a atender a cliapp_25
[09/01/23 23:32:32] clired_31: Se va del sistema tras ser atendido
[09/01/23 23:32:34] cliapp_12: Se va del sistema tras ser atendido
[09/01/23 23:32:34] tecnico_1: Termina de atender a cliapp_23. Tiene todo en regla
[09/01/23 23:32:34] tecnico_1: Comienza a atender a cliapp_28
[09/01/23 23:32:36] cliapp_23: Se va del sistema tras ser atendido
[09/01/23 23:32:36] tecnico_2: Termina de atender a cliapp_20. Tiene todo en regla
[09/01/23 23:32:36] tecnico_2: Comienza a atender a cliapp_30
[09/01/23 23:32:37] tecnico_2: Termina de atender a cliapp_30. Tiene todo en regla
[09/01/23 23:32:37] tecnico_2: Comienza descanso de 5 segundos
[09/01/23 23:32:38] cliapp_20: Se va del sistema tras ser atendido
[09/01/23 23:32:38] tecnico_1: Termina de atender a cliapp_28. Tiene todo en regla
[09/01/23 23:32:38] cliapp_28: Se va del sistema tras ser atendido
[09/01/23 23:32:38] encargado_1: Termina de atender a cliapp_25. Está mal identificado
[09/01/23 23:32:38] cliapp_30: Se va del sistema tras ser atendido
[09/01/23 23:32:40] cliapp_25: Se va del sistema tras ser atendido
[09/01/23 23:32:42] tecnico_2: Termina su descanso de 5 segundos
[09/01/23 23:32:42] tecnico_dom: Empieza la atención domiciliaria
[09/01/23 23:32:43] tecnico_dom: Termina de atender al cliente clired_24
[09/01/23 23:32:44] resprep_2: Termina su trabajo
[09/01/23 23:32:44] tecnico_2: Termina su trabajo
[09/01/23 23:32:44] tecnico_1: Termina su trabajo
[09/01/23 23:32:44] resprep_1: Termina su trabajo
[09/01/23 23:32:44] encargado_1: Termina su trabajo
[09/01/23 23:32:44] tecnico_dom: Termina de atender al cliente clired_29
[09/01/23 23:32:44] tecnico_dom: Termina la atención domiciliaria
[09/01/23 23:32:44] clired_29: Recibe atención domiciliaria
[09/01/23 23:32:44] clired_29: Se va del sistema tras ser atendido
[09/01/23 23:32:44] clired_24: Recibe atención domiciliaria
[09/01/23 23:32:44] clired_24: Se va del sistema tras ser atendido
[09/01/23 23:32:44] tecnico_dom: Termina su trabajo
[09/01/23 23:32:44] SISTEMA: Salida controlada finalizada con éxito.
